Traceback (most recent call last):
  File "/g/g16/yoshia/temp/test/parallel/multiarg.py", line 71, in <module>
    write(nprocs=nprocs)
  File "/g/g16/yoshia/temp/test/parallel/multiarg.py", line 65, in write
    with open(f"{outfile}_r{nlim_a2}_v{nvals}_p{nprocs}", 'w') as f:
NameError: name 'nlim_a2' is not defined
multiprocessing.pool.RemoteTraceback: 
"""
Traceback (most recent call last):
  File "/g/g16/yoshia/anaconda3/lib/python3.7/multiprocessing/pool.py", line 121, in worker
    result = (True, func(*args, **kwds))
  File "/g/g16/yoshia/anaconda3/lib/python3.7/multiprocessing/pool.py", line 47, in starmapstar
    return list(itertools.starmap(args[0], args[1]))
  File "/g/g16/yoshia/anaconda3/lib/python3.7/site-packages/numba/core/dispatcher.py", line 420, in _compile_for_args
    error_rewrite(e, 'typing')
  File "/g/g16/yoshia/anaconda3/lib/python3.7/site-packages/numba/core/dispatcher.py", line 361, in error_rewrite
    raise e.with_traceback(None)
numba.core.errors.TypingError: Failed in nopython mode pipeline (step: nopython frontend)
[1mUntyped global name 'sum':[0m [1m[1mCannot determine Numba type of <class 'builtin_function_or_method'>[0m
[1m
File "multiarg.py", line 19:[0m
[1mdef getSum(start, end):
    <source elided>
    """
[1m    return sum([sqrt(x)**2 for x in range(start, end)])
[0m    [1m^[0m[0m
[0m
"""

The above exception was the direct cause of the following exception:

Traceback (most recent call last):
  File "/g/g16/yoshia/temp/test/parallel/multiarg.py", line 71, in <module>
    write(nprocs=nprocs)
  File "/g/g16/yoshia/temp/test/parallel/multiarg.py", line 63, in write
    dt = getTime(nrows, nvals, nprocs)
  File "/g/g16/yoshia/temp/test/parallel/multiarg.py", line 51, in getTime
    sum_ar = getSums(nrows, nvals, nprocs)
  File "/g/g16/yoshia/temp/test/parallel/multiarg.py", line 40, in getSums
    sum_ar = p.starmap(getSum, lim_a2)
  File "/g/g16/yoshia/anaconda3/lib/python3.7/multiprocessing/pool.py", line 276, in starmap
    return self._map_async(func, iterable, starmapstar, chunksize).get()
  File "/g/g16/yoshia/anaconda3/lib/python3.7/multiprocessing/pool.py", line 657, in get
    raise self._value
numba.core.errors.TypingError: [1mFailed in nopython mode pipeline (step: nopython frontend)
[1mUntyped global name 'sum':[0m [1m[1mCannot determine Numba type of <class 'builtin_function_or_method'>[0m
[1m
File "multiarg.py", line 19:[0m
[1mdef getSum(start, end):
    <source elided>
    """
[1m    return sum([sqrt(x)**2 for x in range(start, end)])
[0m    [1m^[0m[0m
[0m[0m
